# JRE version: Java(TM) SE Runtime Environment (15.0+36) (build 15+36-1562)
# Java VM: Java HotSpot(TM) 64-Bit Server VM (15+36-1562, mixed mode, sharing, tiered, compressed oops, g1 gc, windows-amd64)
GC Precious Log:
 CPUs: 8 total, 8 available
 Memory: 8105M
 Large Page Support: Disabled
 NUMA Support: Disabled
 Compressed Oops: Enabled (32-bit)
 Heap Region Size: 1M
 Heap Min Capacity: 256M
 Heap Initial Capacity: 256M
 Heap Max Capacity: 512M
 Pre-touch: Disabled
 Parallel Workers: 8
 Concurrent Workers: 2
 Concurrent Refinement Workers: 8
 Periodic GC: Disabled
Heap:
 garbage-first heap   total 262144K, used 146957K [0x00000000e0000000, 0x0000000100000000)
  region size 1024K, 71 young (72704K), 4 survivors (4096K)
 Metaspace       used 83422K, capacity 85818K, committed 85968K, reserved 329728K
  class space    used 10111K, capacity 10759K, committed 10880K, reserved 253952K
GC Heap History (20 events):
Event: 1231.705 GC heap before
{Heap before GC invocations=9 (full 0):
 garbage-first heap   total 262144K, used 136873K [0x00000000e0000000, 0x0000000100000000)
  region size 1024K, 101 young (103424K), 4 survivors (4096K)
 Metaspace       used 58903K, capacity 60099K, committed 60240K, reserved 307200K
  class space    used 7475K, capacity 7834K, committed 7936K, reserved 253952K
}
Event: 1231.708 GC heap after
{Heap after GC invocations=10 (full 0):
 garbage-first heap   total 262144K, used 37978K [0x00000000e0000000, 0x0000000100000000)
  region size 1024K, 2 young (2048K), 2 survivors (2048K)
 Metaspace       used 58903K, capacity 60099K, committed 60240K, reserved 307200K
  class space    used 7475K, capacity 7834K, committed 7936K, reserved 253952K
}
Event: 2399.423 GC heap before
{Heap before GC invocations=11 (full 0):
 garbage-first heap   total 262144K, used 207962K [0x00000000e0000000, 0x0000000100000000)
  region size 1024K, 153 young (156672K), 2 survivors (2048K)
 Metaspace       used 74838K, capacity 76440K, committed 76624K, reserved 321536K
  class space    used 9271K, capacity 9664K, committed 9728K, reserved 253952K
}
Event: 2399.433 GC heap after
{Heap after GC invocations=12 (full 0):
 garbage-first heap   total 262144K, used 66673K [0x00000000e0000000, 0x0000000100000000)
  region size 1024K, 14 young (14336K), 14 survivors (14336K)
 Metaspace       used 74838K, capacity 76440K, committed 76624K, reserved 321536K
  class space    used 9271K, capacity 9664K, committed 9728K, reserved 253952K
}
Event: 2811.651 GC heap before
{Heap before GC invocations=12 (full 0):
 garbage-first heap   total 262144K, used 206961K [0x00000000e0000000, 0x0000000100000000)
  region size 1024K, 152 young (155648K), 14 survivors (14336K)
 Metaspace       used 80101K, capacity 81920K, committed 82128K, reserved 327680K
  class space    used 9870K, capacity 10319K, committed 10368K, reserved 253952K
}
Event: 2811.680 GC heap after
{Heap after GC invocations=13 (full 0):
 garbage-first heap   total 262144K, used 81252K [0x00000000e0000000, 0x0000000100000000)
  region size 1024K, 15 young (15360K), 15 survivors (15360K)
 Metaspace       used 80101K, capacity 81920K, committed 82128K, reserved 327680K
  class space    used 9870K, capacity 10319K, committed 10368K, reserved 253952K
}
Event: 3040.284 GC heap before
{Heap before GC invocations=13 (full 0):
 garbage-first heap   total 262144K, used 203108K [0x00000000e0000000, 0x0000000100000000)
  region size 1024K, 135 young (138240K), 15 survivors (15360K)
 Metaspace       used 81605K, capacity 83890K, committed 84048K, reserved 327680K
  class space    used 10084K, capacity 10715K, committed 10752K, reserved 253952K
}
Event: 3040.300 GC heap after
{Heap after GC invocations=14 (full 0):
 garbage-first heap   total 262144K, used 84228K [0x00000000e0000000, 0x0000000100000000)
  region size 1024K, 10 young (10240K), 10 survivors (10240K)
 Metaspace       used 81605K, capacity 83890K, committed 84048K, reserved 327680K
  class space    used 10084K, capacity 10715K, committed 10752K, reserved 253952K
}
Event: 3927.576 GC heap before
{Heap before GC invocations=14 (full 0):
 garbage-first heap   total 262144K, used 204036K [0x00000000e0000000, 0x0000000100000000)
  region size 1024K, 128 young (131072K), 10 survivors (10240K)
 Metaspace       used 82048K, capacity 84434K, committed 84560K, reserved 329728K
  class space    used 10096K, capacity 10737K, committed 10752K, reserved 253952K
}
Event: 3927.585 GC heap after
{Heap after GC invocations=15 (full 0):
 garbage-first heap   total 262144K, used 85396K [0x00000000e0000000, 0x0000000100000000)
  region size 1024K, 9 young (9216K), 9 survivors (9216K)
 Metaspace       used 82048K, capacity 84434K, committed 84560K, reserved 329728K
  class space    used 10096K, capacity 10737K, committed 10752K, reserved 253952K
}
Event: 5013.475 GC heap before
{Heap before GC invocations=15 (full 0):
 garbage-first heap   total 262144K, used 205204K [0x00000000e0000000, 0x0000000100000000)
  region size 1024K, 127 young (130048K), 9 survivors (9216K)
 Metaspace       used 82409K, capacity 84829K, committed 85200K, reserved 329728K
  class space    used 10105K, capacity 10753K, committed 10880K, reserved 253952K
}
Event: 5013.496 GC heap after
{Heap after GC invocations=16 (full 0):
 garbage-first heap   total 262144K, used 83441K [0x00000000e0000000, 0x0000000100000000)
  region size 1024K, 7 young (7168K), 7 survivors (7168K)
 Metaspace       used 82409K, capacity 84829K, committed 85200K, reserved 329728K
  class space    used 10105K, capacity 10753K, committed 10880K, reserved 253952K
}
Event: 5388.360 GC heap before
{Heap before GC invocations=16 (full 0):
 garbage-first heap   total 262144K, used 207345K [0x00000000e0000000, 0x0000000100000000)
  region size 1024K, 129 young (132096K), 7 survivors (7168K)
 Metaspace       used 82741K, capacity 85113K, committed 85456K, reserved 329728K
  class space    used 10109K, capacity 10759K, committed 10880K, reserved 253952K
}
Event: 5388.364 GC heap after
{Heap after GC invocations=17 (full 0):
 garbage-first heap   total 262144K, used 80518K [0x00000000e0000000, 0x0000000100000000)
  region size 1024K, 4 young (4096K), 4 survivors (4096K)
 Metaspace       used 82741K, capacity 85113K, committed 85456K, reserved 329728K
  class space    used 10109K, capacity 10759K, committed 10880K, reserved 253952K
}
Event: 5669.877 GC heap before
{Heap before GC invocations=17 (full 0):
 garbage-first heap   total 262144K, used 209542K [0x00000000e0000000, 0x0000000100000000)
  region size 1024K, 131 young (134144K), 4 survivors (4096K)
 Metaspace       used 83039K, capacity 85433K, committed 85712K, reserved 329728K
  class space    used 10109K, capacity 10759K, committed 10880K, reserved 253952K
}
Event: 5669.881 GC heap after
{Heap after GC invocations=18 (full 0):
 garbage-first heap   total 262144K, used 80127K [0x00000000e0000000, 0x0000000100000000)
  region size 1024K, 4 young (4096K), 4 survivors (4096K)
 Metaspace       used 83039K, capacity 85433K, committed 85712K, reserved 329728K
  class space    used 10109K, capacity 10759K, committed 10880K, reserved 253952K
}
Event: 6901.703 GC heap before
{Heap before GC invocations=18 (full 0):
 garbage-first heap   total 262144K, used 212223K [0x00000000e0000000, 0x0000000100000000)
  region size 1024K, 134 young (137216K), 4 survivors (4096K)
 Metaspace       used 83183K, capacity 85498K, committed 85712K, reserved 329728K
  class space    used 10110K, capacity 10759K, committed 10880K, reserved 253952K
}
Event: 6901.706 GC heap after
{Heap after GC invocations=19 (full 0):
 garbage-first heap   total 262144K, used 79205K [0x00000000e0000000, 0x0000000100000000)
  region size 1024K, 3 young (3072K), 3 survivors (3072K)
 Metaspace       used 83183K, capacity 85498K, committed 85712K, reserved 329728K
  class space    used 10110K, capacity 10759K, committed 10880K, reserved 253952K
}
Event: 7938.809 GC heap before
{Heap before GC invocations=19 (full 0):
 garbage-first heap   total 262144K, used 214373K [0x00000000e0000000, 0x0000000100000000)
  region size 1024K, 136 young (139264K), 3 survivors (3072K)
 Metaspace       used 83351K, capacity 85690K, committed 85968K, reserved 329728K
  class space    used 10111K, capacity 10759K, committed 10880K, reserved 253952K
}
Event: 7938.814 GC heap after
{Heap after GC invocations=20 (full 0):
 garbage-first heap   total 262144K, used 80397K [0x00000000e0000000, 0x0000000100000000)
  region size 1024K, 4 young (4096K), 4 survivors (4096K)
 Metaspace       used 83351K, capacity 85690K, committed 85968K, reserved 329728K
  class space    used 10111K, capacity 10759K, committed 10880K, reserved 253952K
}

